<?xml version="1.0" encoding="UTF-8"?>
<coverage generated="1775263701949" clover="3.2.0">
  <project timestamp="1775263701949" name="All files">
    <metrics statements="279" coveredstatements="266" conditionals="191" coveredconditionals="181" methods="22" coveredmethods="22" elements="492" coveredelements="469" complexity="0" loc="279" ncloc="279" packages="4" files="7" classes="7"/>
    <package name="controllers">
      <metrics statements="118" coveredstatements="108" conditionals="62" coveredconditionals="57" methods="10" coveredmethods="10"/>
      <file name="influencers.controller.ts" path="/home/runner/work/influencers-CRM-backend/influencers-CRM-backend/src/controllers/influencers.controller.ts">
        <metrics statements="118" coveredstatements="108" conditionals="62" coveredconditionals="57" methods="10" coveredmethods="10"/>
        <line num="2" count="3" type="stmt"/>
        <line num="3" count="3" type="stmt"/>
        <line num="16" count="3" type="cond" truecount="1" falsecount="1"/>
        <line num="17" count="3" type="stmt"/>
        <line num="18" count="3" type="stmt"/>
        <line num="22" count="3" type="stmt"/>
        <line num="26" count="8" type="stmt"/>
        <line num="27" count="8" type="stmt"/>
        <line num="29" count="8" type="cond" truecount="4" falsecount="0"/>
        <line num="30" count="2" type="stmt"/>
        <line num="31" count="2" type="stmt"/>
        <line num="34" count="6" type="stmt"/>
        <line num="37" count="5" type="stmt"/>
        <line num="46" count="5" type="cond" truecount="2" falsecount="0"/>
        <line num="47" count="1" type="stmt"/>
        <line num="48" count="1" type="stmt"/>
        <line num="49" count="1" type="stmt"/>
        <line num="52" count="4" type="stmt"/>
        <line num="54" count="1" type="stmt"/>
        <line num="59" count="3" type="stmt"/>
        <line num="63" count="12" type="stmt"/>
        <line num="64" count="12" type="stmt"/>
        <line num="66" count="12" type="stmt"/>
        <line num="71" count="12" type="cond" truecount="2" falsecount="0"/>
        <line num="72" count="2" type="stmt"/>
        <line num="74" count="12" type="cond" truecount="2" falsecount="0"/>
        <line num="75" count="2" type="stmt"/>
        <line num="77" count="12" type="cond" truecount="2" falsecount="0"/>
        <line num="79" count="4" type="stmt"/>
        <line num="80" count="4" type="stmt"/>
        <line num="82" count="12" type="cond" truecount="2" falsecount="0"/>
        <line num="83" count="5" type="stmt"/>
        <line num="84" count="5" type="cond" truecount="4" falsecount="0"/>
        <line num="85" count="3" type="stmt"/>
        <line num="86" count="3" type="stmt"/>
        <line num="88" count="2" type="stmt"/>
        <line num="91" count="9" type="stmt"/>
        <line num="93" count="9" type="cond" truecount="1" falsecount="1"/>
        <line num="94" count="0" type="stmt"/>
        <line num="95" count="0" type="stmt"/>
        <line num="96" count="0" type="stmt"/>
        <line num="99" count="9" type="stmt"/>
        <line num="101" count="0" type="stmt"/>
        <line num="106" count="3" type="stmt"/>
        <line num="110" count="7" type="stmt"/>
        <line num="111" count="7" type="stmt"/>
        <line num="113" count="7" type="stmt"/>
        <line num="119" count="5" type="cond" truecount="2" falsecount="0"/>
        <line num="120" count="2" type="stmt"/>
        <line num="121" count="2" type="stmt"/>
        <line num="124" count="3" type="stmt"/>
        <line num="130" count="3" type="cond" truecount="2" falsecount="0"/>
        <line num="131" count="1" type="stmt"/>
        <line num="132" count="1" type="stmt"/>
        <line num="133" count="1" type="stmt"/>
        <line num="136" count="2" type="cond" truecount="1" falsecount="1"/>
        <line num="138" count="2" type="stmt"/>
        <line num="143" count="3" type="stmt"/>
        <line num="147" count="5" type="stmt"/>
        <line num="148" count="5" type="stmt"/>
        <line num="149" count="5" type="stmt"/>
        <line num="151" count="5" type="stmt"/>
        <line num="152" count="5" type="cond" truecount="2" falsecount="0"/>
        <line num="153" count="5" type="cond" truecount="2" falsecount="0"/>
        <line num="154" count="5" type="cond" truecount="2" falsecount="0"/>
        <line num="156" count="5" type="cond" truecount="2" falsecount="0"/>
        <line num="157" count="1" type="stmt"/>
        <line num="158" count="1" type="stmt"/>
        <line num="161" count="4" type="stmt"/>
        <line num="168" count="4" type="cond" truecount="2" falsecount="0"/>
        <line num="169" count="1" type="stmt"/>
        <line num="170" count="1" type="stmt"/>
        <line num="171" count="1" type="stmt"/>
        <line num="174" count="3" type="stmt"/>
        <line num="176" count="0" type="stmt"/>
        <line num="181" count="3" type="stmt"/>
        <line num="185" count="3" type="stmt"/>
        <line num="186" count="3" type="stmt"/>
        <line num="188" count="3" type="stmt"/>
        <line num="193" count="3" type="cond" truecount="2" falsecount="0"/>
        <line num="194" count="1" type="stmt"/>
        <line num="195" count="1" type="stmt"/>
        <line num="196" count="1" type="stmt"/>
        <line num="199" count="2" type="stmt"/>
        <line num="201" count="0" type="stmt"/>
        <line num="206" count="3" type="stmt"/>
        <line num="210" count="3" type="stmt"/>
        <line num="211" count="3" type="stmt"/>
        <line num="213" count="3" type="stmt"/>
        <line num="215" count="3" type="stmt"/>
        <line num="228" count="3" type="cond" truecount="2" falsecount="0"/>
        <line num="229" count="1" type="stmt"/>
        <line num="230" count="1" type="stmt"/>
        <line num="231" count="1" type="stmt"/>
        <line num="234" count="2" type="stmt"/>
        <line num="236" count="0" type="stmt"/>
        <line num="241" count="3" type="stmt"/>
        <line num="245" count="4" type="stmt"/>
        <line num="246" count="4" type="stmt"/>
        <line num="248" count="4" type="cond" truecount="6" falsecount="0"/>
        <line num="249" count="1" type="stmt"/>
        <line num="250" count="1" type="stmt"/>
        <line num="253" count="3" type="stmt"/>
        <line num="255" count="3" type="stmt"/>
        <line num="256" count="5" type="stmt"/>
        <line num="257" count="5" type="stmt"/>
        <line num="259" count="4" type="stmt"/>
        <line num="268" count="4" type="cond" truecount="1" falsecount="1"/>
        <line num="269" count="0" type="stmt"/>
        <line num="270" count="0" type="stmt"/>
        <line num="272" count="4" type="stmt"/>
        <line num="275" count="1" type="cond" truecount="1" falsecount="1"/>
        <line num="276" count="1" type="stmt"/>
        <line num="280" count="3" type="stmt"/>
        <line num="282" count="5" type="stmt"/>
        <line num="283" count="5" type="stmt"/>
        <line num="287" count="3" type="stmt"/>
        <line num="289" count="0" type="stmt"/>
      </file>
    </package>
    <package name="middleware">
      <metrics statements="101" coveredstatements="99" conditionals="82" coveredconditionals="78" methods="10" coveredmethods="10"/>
      <file name="auth.ts" path="/home/runner/work/influencers-CRM-backend/influencers-CRM-backend/src/middleware/auth.ts">
        <metrics statements="16" coveredstatements="14" conditionals="6" coveredconditionals="5" methods="1" coveredmethods="1"/>
        <line num="2" count="3" type="stmt"/>
        <line num="4" count="3" type="stmt"/>
        <line num="13" count="3" type="stmt"/>
        <line num="18" count="59" type="stmt"/>
        <line num="20" count="59" type="cond" truecount="4" falsecount="0"/>
        <line num="21" count="9" type="stmt"/>
        <line num="22" count="9" type="stmt"/>
        <line num="25" count="50" type="stmt"/>
        <line num="27" count="50" type="cond" truecount="1" falsecount="1"/>
        <line num="28" count="0" type="stmt"/>
        <line num="29" count="0" type="stmt"/>
        <line num="32" count="50" type="stmt"/>
        <line num="33" count="50" type="stmt"/>
        <line num="37" count="40" type="stmt"/>
        <line num="38" count="40" type="stmt"/>
        <line num="40" count="10" type="stmt"/>
      </file>
      <file name="authorize.ts" path="/home/runner/work/influencers-CRM-backend/influencers-CRM-backend/src/middleware/authorize.ts">
        <metrics statements="7" coveredstatements="7" conditionals="4" coveredconditionals="4" methods="2" coveredmethods="2"/>
        <line num="13" count="3" type="stmt"/>
        <line num="14" count="8" type="stmt"/>
        <line num="15" count="12" type="stmt"/>
        <line num="17" count="12" type="cond" truecount="4" falsecount="0"/>
        <line num="18" count="9" type="stmt"/>
        <line num="19" count="9" type="stmt"/>
        <line num="22" count="3" type="stmt"/>
      </file>
      <file name="errorHandler.ts" path="/home/runner/work/influencers-CRM-backend/influencers-CRM-backend/src/middleware/errorHandler.ts">
        <metrics statements="3" coveredstatements="3" conditionals="0" coveredconditionals="0" methods="1" coveredmethods="1"/>
        <line num="10" count="3" type="stmt"/>
        <line num="16" count="4" type="stmt"/>
        <line num="18" count="4" type="stmt"/>
      </file>
      <file name="validate.ts" path="/home/runner/work/influencers-CRM-backend/influencers-CRM-backend/src/middleware/validate.ts">
        <metrics statements="75" coveredstatements="75" conditionals="72" coveredconditionals="69" methods="6" coveredmethods="6"/>
        <line num="10" count="3" type="stmt"/>
        <line num="11" count="3" type="stmt"/>
        <line num="12" count="3" type="stmt"/>
        <line num="14" count="3" type="stmt"/>
        <line num="15" count="3" type="stmt"/>
        <line num="16" count="3" type="stmt"/>
        <line num="19" count="90" type="cond" truecount="2" falsecount="0"/>
        <line num="23" count="3" type="stmt"/>
        <line num="24" count="18" type="cond" truecount="2" falsecount="0"/>
        <line num="26" count="18" type="cond" truecount="2" falsecount="0"/>
        <line num="27" count="5" type="stmt"/>
        <line num="28" count="5" type="stmt"/>
        <line num="30" count="13" type="cond" truecount="2" falsecount="0"/>
        <line num="31" count="2" type="stmt"/>
        <line num="32" count="2" type="stmt"/>
        <line num="34" count="11" type="cond" truecount="4" falsecount="0"/>
        <line num="35" count="3" type="stmt"/>
        <line num="36" count="3" type="stmt"/>
        <line num="39" count="8" type="stmt"/>
        <line num="43" count="3" type="stmt"/>
        <line num="44" count="12" type="cond" truecount="1" falsecount="1"/>
        <line num="46" count="12" type="cond" truecount="4" falsecount="0"/>
        <line num="47" count="3" type="stmt"/>
        <line num="48" count="3" type="stmt"/>
        <line num="50" count="9" type="cond" truecount="2" falsecount="0"/>
        <line num="51" count="3" type="stmt"/>
        <line num="52" count="3" type="stmt"/>
        <line num="54" count="6" type="stmt"/>
        <line num="55" count="57" type="cond" truecount="2" falsecount="0"/>
        <line num="56" count="1" type="stmt"/>
        <line num="57" count="1" type="stmt"/>
        <line num="59" count="56" type="cond" truecount="2" falsecount="0"/>
        <line num="60" count="1" type="stmt"/>
        <line num="61" count="1" type="stmt"/>
        <line num="64" count="4" type="cond" truecount="4" falsecount="0"/>
        <line num="65" count="1" type="stmt"/>
        <line num="66" count="1" type="stmt"/>
        <line num="69" count="3" type="stmt"/>
        <line num="73" count="3" type="stmt"/>
        <line num="74" count="16" type="cond" truecount="1" falsecount="1"/>
        <line num="76" count="16" type="cond" truecount="4" falsecount="0"/>
        <line num="77" count="2" type="stmt"/>
        <line num="78" count="2" type="stmt"/>
        <line num="80" count="14" type="cond" truecount="5" falsecount="0"/>
        <line num="81" count="1" type="stmt"/>
        <line num="82" count="1" type="stmt"/>
        <line num="84" count="13" type="cond" truecount="5" falsecount="0"/>
        <line num="85" count="2" type="stmt"/>
        <line num="86" count="2" type="stmt"/>
        <line num="89" count="11" type="stmt"/>
        <line num="93" count="3" type="stmt"/>
        <line num="94" count="13" type="cond" truecount="1" falsecount="1"/>
        <line num="96" count="13" type="cond" truecount="4" falsecount="0"/>
        <line num="97" count="2" type="stmt"/>
        <line num="98" count="2" type="stmt"/>
        <line num="102" count="11" type="cond" truecount="4" falsecount="0"/>
        <line num="103" count="1" type="stmt"/>
        <line num="104" count="1" type="stmt"/>
        <line num="106" count="10" type="cond" truecount="4" falsecount="0"/>
        <line num="107" count="1" type="stmt"/>
        <line num="108" count="1" type="stmt"/>
        <line num="111" count="9" type="cond" truecount="5" falsecount="0"/>
        <line num="112" count="2" type="stmt"/>
        <line num="113" count="2" type="stmt"/>
        <line num="115" count="7" type="cond" truecount="5" falsecount="0"/>
        <line num="116" count="1" type="stmt"/>
        <line num="117" count="1" type="stmt"/>
        <line num="120" count="6" type="stmt"/>
        <line num="124" count="3" type="stmt"/>
        <line num="126" count="3" type="stmt"/>
        <line num="127" count="31" type="stmt"/>
        <line num="129" count="31" type="cond" truecount="4" falsecount="0"/>
        <line num="130" count="12" type="stmt"/>
        <line num="131" count="12" type="stmt"/>
        <line num="134" count="19" type="stmt"/>
      </file>
    </package>
    <package name="routes">
      <metrics statements="15" coveredstatements="15" conditionals="0" coveredconditionals="0" methods="0" coveredmethods="0"/>
      <file name="influencers.ts" path="/home/runner/work/influencers-CRM-backend/influencers-CRM-backend/src/routes/influencers.ts">
        <metrics statements="15" coveredstatements="15" conditionals="0" coveredconditionals="0" methods="0" coveredmethods="0"/>
        <line num="1" count="2" type="stmt"/>
        <line num="2" count="2" type="stmt"/>
        <line num="3" count="2" type="stmt"/>
        <line num="4" count="2" type="stmt"/>
        <line num="11" count="2" type="stmt"/>
        <line num="21" count="2" type="stmt"/>
        <line num="24" count="2" type="stmt"/>
        <line num="27" count="2" type="stmt"/>
        <line num="30" count="2" type="stmt"/>
        <line num="33" count="2" type="stmt"/>
        <line num="36" count="2" type="stmt"/>
        <line num="39" count="2" type="stmt"/>
        <line num="42" count="2" type="stmt"/>
        <line num="45" count="2" type="stmt"/>
        <line num="47" count="2" type="stmt"/>
      </file>
    </package>
    <package name="services">
      <metrics statements="45" coveredstatements="44" conditionals="47" coveredconditionals="46" methods="2" coveredmethods="2"/>
      <file name="scrapeCreators.ts" path="/home/runner/work/influencers-CRM-backend/influencers-CRM-backend/src/services/scrapeCreators.ts">
        <metrics statements="45" coveredstatements="44" conditionals="47" coveredconditionals="46" methods="2" coveredmethods="2"/>
        <line num="1" count="1" type="stmt"/>
        <line num="4" count="1" type="stmt"/>
        <line num="6" count="1" type="cond" truecount="1" falsecount="1"/>
        <line num="7" count="0" type="stmt"/>
        <line num="10" count="1" type="stmt"/>
        <line num="53" count="10" type="stmt"/>
        <line num="54" count="10" type="stmt"/>
        <line num="55" count="10" type="stmt"/>
        <line num="56" count="10" type="stmt"/>
        <line num="57" count="10" type="stmt"/>
        <line num="58" count="10" type="stmt"/>
        <line num="59" count="10" type="stmt"/>
        <line num="60" count="10" type="stmt"/>
        <line num="63" count="10" type="stmt"/>
        <line num="70" count="10" type="cond" truecount="4" falsecount="0"/>
        <line num="72" count="10" type="stmt"/>
        <line num="78" count="10" type="stmt"/>
        <line num="84" count="10" type="stmt"/>
        <line num="90" count="10" type="stmt"/>
        <line num="95" count="10" type="stmt"/>
        <line num="103" count="10" type="cond" truecount="4" falsecount="0"/>
        <line num="105" count="7" type="stmt"/>
        <line num="106" count="7" type="stmt"/>
        <line num="108" count="1" type="stmt"/>
        <line num="109" count="1" type="stmt"/>
        <line num="111" count="1" type="stmt"/>
        <line num="112" count="1" type="stmt"/>
        <line num="114" count="1" type="stmt"/>
        <line num="115" count="1" type="stmt"/>
        <line num="119" count="10" type="cond" truecount="5" falsecount="0"/>
        <line num="123" count="10" type="stmt"/>
        <line num="142" count="1" type="stmt"/>
        <line num="148" count="12" type="cond" truecount="5" falsecount="0"/>
        <line num="150" count="8" type="stmt"/>
        <line num="151" count="8" type="stmt"/>
        <line num="153" count="1" type="stmt"/>
        <line num="154" count="1" type="stmt"/>
        <line num="156" count="1" type="stmt"/>
        <line num="157" count="1" type="stmt"/>
        <line num="159" count="1" type="stmt"/>
        <line num="160" count="1" type="stmt"/>
        <line num="162" count="1" type="stmt"/>
        <line num="165" count="11" type="stmt"/>
        <line num="167" count="10" type="cond" truecount="2" falsecount="0"/>
        <line num="169" count="10" type="stmt"/>
      </file>
    </package>
  </project>
</coverage>
