TN:
SF:src/controllers/influencers.controller.ts
FN:15,handleError
FN:22,searchInfluencer
FN:59,getInfluencers
FN:106,getInfluencerById
FN:143,updateInfluencer
FN:181,deleteInfluencer
FN:206,createOutreach
FN:241,bulkSearchInfluencers
FN:282,(anonymous_8)
FN:283,(anonymous_9)
FNF:10
FNH:10
FNDA:3,handleError
FNDA:8,searchInfluencer
FNDA:12,getInfluencers
FNDA:7,getInfluencerById
FNDA:5,updateInfluencer
FNDA:3,deleteInfluencer
FNDA:3,createOutreach
FNDA:4,bulkSearchInfluencers
FNDA:5,(anonymous_8)
FNDA:5,(anonymous_9)
DA:2,3
DA:3,3
DA:16,3
DA:17,3
DA:18,3
DA:22,3
DA:26,8
DA:27,8
DA:29,8
DA:30,2
DA:31,2
DA:34,6
DA:37,5
DA:46,5
DA:47,1
DA:48,1
DA:49,1
DA:52,4
DA:54,1
DA:59,3
DA:63,12
DA:64,12
DA:66,12
DA:71,12
DA:72,2
DA:74,12
DA:75,2
DA:77,12
DA:79,4
DA:80,4
DA:82,12
DA:83,5
DA:84,5
DA:85,3
DA:86,3
DA:88,2
DA:91,9
DA:93,9
DA:94,0
DA:95,0
DA:96,0
DA:99,9
DA:101,0
DA:106,3
DA:110,7
DA:111,7
DA:113,7
DA:119,5
DA:120,2
DA:121,2
DA:124,3
DA:130,3
DA:131,1
DA:132,1
DA:133,1
DA:136,2
DA:138,2
DA:143,3
DA:147,5
DA:148,5
DA:149,5
DA:151,5
DA:152,5
DA:153,5
DA:154,5
DA:156,5
DA:157,1
DA:158,1
DA:161,4
DA:168,4
DA:169,1
DA:170,1
DA:171,1
DA:174,3
DA:176,0
DA:181,3
DA:185,3
DA:186,3
DA:188,3
DA:193,3
DA:194,1
DA:195,1
DA:196,1
DA:199,2
DA:201,0
DA:206,3
DA:210,3
DA:211,3
DA:213,3
DA:215,3
DA:228,3
DA:229,1
DA:230,1
DA:231,1
DA:234,2
DA:236,0
DA:241,3
DA:245,4
DA:246,4
DA:248,4
DA:249,1
DA:250,1
DA:253,3
DA:255,3
DA:256,5
DA:257,5
DA:259,4
DA:268,4
DA:269,0
DA:270,0
DA:272,4
DA:275,1
DA:276,1
DA:280,3
DA:282,5
DA:283,5
DA:287,3
DA:289,0
LF:118
LH:108
BRDA:16,0,0,3
BRDA:16,0,1,0
BRDA:29,1,0,2
BRDA:29,1,1,6
BRDA:29,2,0,8
BRDA:29,2,1,7
BRDA:46,3,0,1
BRDA:46,3,1,4
BRDA:71,4,0,2
BRDA:71,4,1,10
BRDA:74,5,0,2
BRDA:74,5,1,10
BRDA:77,6,0,4
BRDA:77,6,1,8
BRDA:82,7,0,5
BRDA:82,7,1,7
BRDA:84,8,0,3
BRDA:84,8,1,2
BRDA:84,9,0,5
BRDA:84,9,1,3
BRDA:93,10,0,0
BRDA:93,10,1,9
BRDA:119,11,0,2
BRDA:119,11,1,3
BRDA:130,12,0,1
BRDA:130,12,1,2
BRDA:136,13,0,2
BRDA:136,13,1,0
BRDA:152,14,0,2
BRDA:152,14,1,3
BRDA:153,15,0,1
BRDA:153,15,1,4
BRDA:154,16,0,1
BRDA:154,16,1,4
BRDA:156,17,0,1
BRDA:156,17,1,4
BRDA:168,18,0,1
BRDA:168,18,1,3
BRDA:193,19,0,1
BRDA:193,19,1,2
BRDA:219,20,0,3
BRDA:219,20,1,1
BRDA:220,21,0,3
BRDA:220,21,1,1
BRDA:221,22,0,3
BRDA:221,22,1,1
BRDA:222,23,0,3
BRDA:222,23,1,3
BRDA:223,24,0,3
BRDA:223,24,1,3
BRDA:228,25,0,1
BRDA:228,25,1,2
BRDA:248,26,0,1
BRDA:248,26,1,3
BRDA:248,27,0,4
BRDA:248,27,1,3
BRDA:248,27,2,3
BRDA:248,27,3,3
BRDA:268,28,0,0
BRDA:268,28,1,4
BRDA:275,29,0,1
BRDA:275,29,1,0
BRF:62
BRH:57
end_of_record
TN:
SF:src/middleware/auth.ts
FN:13,authenticate
FNF:1
FNH:1
FNDA:59,authenticate
DA:2,3
DA:4,3
DA:13,3
DA:18,59
DA:20,59
DA:21,9
DA:22,9
DA:25,50
DA:27,50
DA:28,0
DA:29,0
DA:32,50
DA:33,50
DA:37,40
DA:38,40
DA:40,10
LF:16
LH:14
BRDA:20,0,0,9
BRDA:20,0,1,50
BRDA:20,1,0,59
BRDA:20,1,1,54
BRDA:27,2,0,0
BRDA:27,2,1,50
BRF:6
BRH:5
end_of_record
TN:
SF:src/middleware/authorize.ts
FN:13,authorize
FN:14,(anonymous_1)
FNF:2
FNH:2
FNDA:8,authorize
FNDA:12,(anonymous_1)
DA:13,3
DA:14,8
DA:15,12
DA:17,12
DA:18,9
DA:19,9
DA:22,3
LF:7
LH:7
BRDA:17,0,0,9
BRDA:17,0,1,3
BRDA:17,1,0,12
BRDA:17,1,1,8
BRF:4
BRH:4
end_of_record
TN:
SF:src/middleware/errorHandler.ts
FN:10,errorHandler
FNF:1
FNH:1
FNDA:4,errorHandler
DA:10,3
DA:16,4
DA:18,4
LF:3
LH:3
BRF:0
BRH:0
end_of_record
TN:
SF:src/middleware/validate.ts
FN:18,isNonEmptyString
FN:23,validateSearch
FN:43,validateBulkSearch
FN:73,validateUpdate
FN:93,validateOutreach
FN:126,validateIdParam
FNF:6
FNH:6
FNDA:90,isNonEmptyString
FNDA:18,validateSearch
FNDA:12,validateBulkSearch
FNDA:16,validateUpdate
FNDA:13,validateOutreach
FNDA:31,validateIdParam
DA:10,3
DA:11,3
DA:12,3
DA:14,3
DA:15,3
DA:16,3
DA:19,90
DA:23,3
DA:24,18
DA:26,18
DA:27,5
DA:28,5
DA:30,13
DA:31,2
DA:32,2
DA:34,11
DA:35,3
DA:36,3
DA:39,8
DA:43,3
DA:44,12
DA:46,12
DA:47,3
DA:48,3
DA:50,9
DA:51,3
DA:52,3
DA:54,6
DA:55,57
DA:56,1
DA:57,1
DA:59,56
DA:60,1
DA:61,1
DA:64,4
DA:65,1
DA:66,1
DA:69,3
DA:73,3
DA:74,16
DA:76,16
DA:77,2
DA:78,2
DA:80,14
DA:81,1
DA:82,1
DA:84,13
DA:85,2
DA:86,2
DA:89,11
DA:93,3
DA:94,13
DA:96,13
DA:97,2
DA:98,2
DA:102,11
DA:103,1
DA:104,1
DA:106,10
DA:107,1
DA:108,1
DA:111,9
DA:112,2
DA:113,2
DA:115,7
DA:116,1
DA:117,1
DA:120,6
DA:124,3
DA:126,3
DA:127,31
DA:129,31
DA:130,12
DA:131,12
DA:134,19
LF:75
LH:75
BRDA:19,0,0,90
BRDA:19,0,1,86
BRDA:24,1,0,18
BRDA:24,1,1,1
BRDA:26,2,0,5
BRDA:26,2,1,13
BRDA:30,3,0,2
BRDA:30,3,1,11
BRDA:34,4,0,3
BRDA:34,4,1,8
BRDA:34,5,0,11
BRDA:34,5,1,10
BRDA:44,6,0,12
BRDA:44,6,1,0
BRDA:46,7,0,3
BRDA:46,7,1,9
BRDA:46,8,0,12
BRDA:46,8,1,11
BRDA:50,9,0,3
BRDA:50,9,1,6
BRDA:55,10,0,1
BRDA:55,10,1,56
BRDA:59,11,0,1
BRDA:59,11,1,55
BRDA:64,12,0,1
BRDA:64,12,1,3
BRDA:64,13,0,4
BRDA:64,13,1,4
BRDA:74,14,0,16
BRDA:74,14,1,0
BRDA:76,15,0,2
BRDA:76,15,1,14
BRDA:76,16,0,16
BRDA:76,16,1,9
BRDA:80,17,0,1
BRDA:80,17,1,13
BRDA:80,18,0,14
BRDA:80,18,1,2
BRDA:80,18,2,2
BRDA:84,19,0,2
BRDA:84,19,1,11
BRDA:84,20,0,13
BRDA:84,20,1,4
BRDA:84,20,2,4
BRDA:94,21,0,13
BRDA:94,21,1,0
BRDA:96,22,0,2
BRDA:96,22,1,11
BRDA:96,23,0,13
BRDA:96,23,1,7
BRDA:102,24,0,1
BRDA:102,24,1,10
BRDA:102,25,0,11
BRDA:102,25,1,3
BRDA:106,26,0,1
BRDA:106,26,1,9
BRDA:106,27,0,10
BRDA:106,27,1,1
BRDA:111,28,0,2
BRDA:111,28,1,7
BRDA:111,29,0,9
BRDA:111,29,1,4
BRDA:111,29,2,4
BRDA:115,30,0,1
BRDA:115,30,1,6
BRDA:115,31,0,7
BRDA:115,31,1,1
BRDA:115,31,2,1
BRDA:129,32,0,12
BRDA:129,32,1,19
BRDA:129,33,0,31
BRDA:129,33,1,30
BRF:72
BRH:69
end_of_record
TN:
SF:src/routes/influencers.ts
FNF:0
FNH:0
DA:1,2
DA:2,2
DA:3,2
DA:4,2
DA:11,2
DA:21,2
DA:24,2
DA:27,2
DA:30,2
DA:33,2
DA:36,2
DA:39,2
DA:42,2
DA:45,2
DA:47,2
LF:15
LH:15
BRF:0
BRH:0
end_of_record
TN:
SF:src/services/scrapeCreators.ts
FN:48,extractProfileData
FN:142,scrapeProfile
FNF:2
FNH:2
FNDA:10,extractProfileData
FNDA:12,scrapeProfile
DA:1,1
DA:4,1
DA:6,1
DA:7,0
DA:10,1
DA:53,10
DA:54,10
DA:55,10
DA:56,10
DA:57,10
DA:58,10
DA:59,10
DA:60,10
DA:63,10
DA:70,10
DA:72,10
DA:78,10
DA:84,10
DA:90,10
DA:95,10
DA:103,10
DA:105,7
DA:106,7
DA:108,1
DA:109,1
DA:111,1
DA:112,1
DA:114,1
DA:115,1
DA:119,10
DA:123,10
DA:142,1
DA:148,12
DA:150,8
DA:151,8
DA:153,1
DA:154,1
DA:156,1
DA:157,1
DA:159,1
DA:160,1
DA:162,1
DA:165,11
DA:167,10
DA:169,10
LF:45
LH:44
BRDA:6,0,0,0
BRDA:6,0,1,1
BRDA:64,1,0,10
BRDA:64,1,1,9
BRDA:64,1,2,6
BRDA:64,1,3,4
BRDA:64,1,4,4
BRDA:70,2,0,10
BRDA:70,2,1,9
BRDA:70,2,2,7
BRDA:70,2,3,6
BRDA:73,3,0,10
BRDA:73,3,1,8
BRDA:73,3,2,3
BRDA:73,3,3,2
BRDA:79,4,0,10
BRDA:79,4,1,9
BRDA:79,4,2,7
BRDA:79,4,3,6
BRDA:85,5,0,10
BRDA:85,5,1,6
BRDA:85,5,2,5
BRDA:85,5,3,4
BRDA:91,6,0,10
BRDA:91,6,1,10
BRDA:91,6,2,8
BRDA:96,7,0,10
BRDA:96,7,1,9
BRDA:96,7,2,8
BRDA:96,7,3,7
BRDA:96,7,4,7
BRDA:103,8,0,7
BRDA:103,8,1,1
BRDA:103,8,2,1
BRDA:103,8,3,1
BRDA:119,9,0,5
BRDA:119,9,1,5
BRDA:119,10,0,10
BRDA:119,10,1,7
BRDA:119,10,2,5
BRDA:148,11,0,8
BRDA:148,11,1,1
BRDA:148,11,2,1
BRDA:148,11,3,1
BRDA:148,11,4,1
BRDA:167,12,0,10
BRDA:167,12,1,1
BRF:47
BRH:46
end_of_record
